<?xml version="1.0" encoding="UTF-8"?>
<!-- Generated by org.testng.reporters.JUnitXMLReporter -->
<testsuite ignored="0" hostname="DESKTOP-KNCSFLB" failures="0" tests="3" name="Default test" time="74.891" errors="0" timestamp="2023-11-19T21:00:19 CST">
  <testcase classname="seleniumScript.TestLogin" name="invocarNavegador" time="2.591"/>
  <testcase classname="seleniumScript.TestLogin" name="verificarLoginAseisNew" time="0.4"/>
  <testcase classname="seleniumScript.TestLogin" name="testNoticiasPublicadasInfo" time="71.847"/>
</testsuite> <!-- Default test -->
