<?xml version="1.0" encoding="UTF-8"?>
<testng-results ignored="0" total="3" passed="3" failed="0" skipped="0">
  <reporter-output>
  </reporter-output>
  <suite started-at="2023-11-19T20:59:04 CST" name="Default suite" finished-at="2023-11-19T21:00:19 CST" duration-ms="74891">
    <groups>
    </groups>
    <test started-at="2023-11-19T20:59:04 CST" name="Default test" finished-at="2023-11-19T21:00:19 CST" duration-ms="74891">
      <class name="seleniumScript.TestLogin">
        <test-method signature="invocarNavegador()[pri:-100, instance:seleniumScript.TestLogin@d6e7bab]" started-at="2023-11-19T20:59:04 CST" name="invocarNavegador" finished-at="2023-11-19T20:59:07 CST" duration-ms="2591" status="PASS">
          <reporter-output>
          </reporter-output>
        </test-method> <!-- invocarNavegador -->
        <test-method signature="verificarLoginAseisNew()[pri:1, instance:seleniumScript.TestLogin@d6e7bab]" started-at="2023-11-19T20:59:07 CST" name="verificarLoginAseisNew" finished-at="2023-11-19T20:59:07 CST" duration-ms="400" status="PASS">
          <reporter-output>
          </reporter-output>
        </test-method> <!-- verificarLoginAseisNew -->
        <test-method signature="testNoticiasPublicadasInfo()[pri:2, instance:seleniumScript.TestLogin@d6e7bab]" started-at="2023-11-19T20:59:07 CST" name="testNoticiasPublicadasInfo" finished-at="2023-11-19T21:00:19 CST" duration-ms="71847" status="PASS">
          <reporter-output>
          </reporter-output>
        </test-method> <!-- testNoticiasPublicadasInfo -->
      </class> <!-- seleniumScript.TestLogin -->
    </test> <!-- Default test -->
  </suite> <!-- Default suite -->
</testng-results>
